<?xml version='1.0' encoding='UTF-8'?>
<!DOCTYPE coverage SYSTEM 'http://cobertura.sourceforge.net/xml/coverage-04.dtd'>
<coverage line-rate="0.9866666666666667" branch-rate="0.7894736842105263" lines-covered="74" lines-valid="75" branches-covered="15" branches-valid="19" complexity="0.0" timestamp="1765066957" version="gcovr 5.0"><sources><source>.</source></sources><packages><package name="Drivers.API.Src" line-rate="0.9866666666666667" branch-rate="0.7894736842105263" complexity="0.0"><classes><class name="API_delay_c" filename="Drivers/API/Src/API_delay.c" line-rate="0.9545454545454546" branch-rate="0.7857142857142857" complexity="0.0"><methods/><lines><line number="35" hits="2" branch="false"/><line number="38" hits="2" branch="true" condition-coverage="75% (3/4)"><conditions><condition number="0" type="jump" coverage="75%"/></conditions></line><line number="39" hits="1" branch="false"/><line number="42" hits="2" branch="false"/><line number="43" hits="2" branch="false"/><line number="44" hits="2" branch="false"/><line number="46" hits="3" branch="false"/><line number="48" hits="3" branch="false"/><line number="50" hits="3" branch="true" condition-coverage="50% (1/2)"><conditions><condition number="0" type="jump" coverage="50%"/></conditions></line><line number="51" hits="0" branch="false"/><line number="54" hits="3" branch="true" condition-coverage="100% (2/2)"><conditions><condition number="0" type="jump" coverage="100%"/></conditions></line><line number="55" hits="1" branch="false"/><line number="56" hits="1" branch="false"/><line number="57" hits="2" branch="true" condition-coverage="100% (2/2)"><conditions><condition number="0" type="jump" coverage="100%"/></conditions></line><line number="58" hits="1" branch="false"/><line number="59" hits="1" branch="false"/><line number="62" hits="3" branch="false"/><line number="65" hits="2" branch="false"/><line number="67" hits="2" branch="true" condition-coverage="75% (3/4)"><conditions><condition number="0" type="jump" coverage="75%"/></conditions></line><line number="68" hits="1" branch="false"/><line number="71" hits="2" branch="false"/><line number="72" hits="2" branch="false"/></lines></class><class name="API_lcd_c" filename="Drivers/API/Src/API_lcd.c" line-rate="1.0" branch-rate="0.8" complexity="0.0"><methods/><lines><line number="49" hits="32" branch="false"/><line number="51" hits="32" branch="false"/><line number="52" hits="32" branch="false"/><line number="54" hits="32" branch="false"/><line number="55" hits="32" branch="false"/><line number="56" hits="32" branch="false"/><line number="58" hits="14" branch="false"/><line number="59" hits="14" branch="false"/><line number="60" hits="14" branch="false"/><line number="61" hits="14" branch="false"/><line number="65" hits="1" branch="false"/><line number="66" hits="1" branch="false"/><line number="67" hits="1" branch="false"/><line number="68" hits="1" branch="false"/><line number="70" hits="2" branch="false"/><line number="71" hits="2" branch="true" condition-coverage="66% (2/3)"><conditions><condition number="0" type="jump" coverage="66%"/></conditions></line><line number="72" hits="1" branch="false"/><line number="73" hits="1" branch="false"/><line number="74" hits="1" branch="false"/><line number="75" hits="1" branch="false"/><line number="76" hits="1" branch="false"/><line number="77" hits="1" branch="false"/><line number="80" hits="2" branch="false"/><line number="81" hits="2" branch="false"/><line number="83" hits="2" branch="false"/><line number="84" hits="7" branch="true" condition-coverage="100% (2/2)"><conditions><condition number="0" type="jump" coverage="100%"/></conditions></line><line number="85" hits="5" branch="false"/><line number="86" hits="2" branch="false"/><line number="88" hits="1" branch="false"/><line number="90" hits="1" branch="false"/><line number="91" hits="1" branch="false"/><line number="92" hits="1" branch="false"/><line number="94" hits="1" branch="false"/><line number="96" hits="1" branch="false"/><line number="97" hits="1" branch="false"/><line number="98" hits="1" branch="false"/><line number="99" hits="1" branch="false"/><line number="100" hits="1" branch="false"/><line number="101" hits="1" branch="false"/><line number="102" hits="1" branch="false"/><line number="104" hits="1" branch="false"/><line number="105" hits="1" branch="false"/><line number="106" hits="1" branch="false"/><line number="107" hits="1" branch="false"/><line number="108" hits="1" branch="false"/><line number="109" hits="1" branch="false"/><line number="110" hits="1" branch="false"/><line number="111" hits="1" branch="false"/><line number="112" hits="1" branch="false"/><line number="113" hits="1" branch="false"/><line number="114" hits="1" branch="false"/><line number="115" hits="1" branch="false"/><line number="116" hits="1" branch="false"/></lines></class></classes></package></packages></coverage>